0 silly argv {
0 silly argv   _: [ 'clean' ],
0 silly argv   yes: true,
0 silly argv   y: true,
0 silly argv   lernaVersion: '8.1.2',
0 silly argv   '$0': '/Users/muri0/stylEase/node_modules/.bin/lerna'
0 silly argv }
1 notice cli v8.1.2
2 verbose packageConfigs Resolving packages based on package.json "workspaces" configuration.
3 verbose rootPath /Users/muri0/stylEase
4 error JSONError: Expected double-quoted property name in JSON at position 837 while parsing '{  "name": "client",  "private": true,' in client/package.json
4 error
4 error [0m [90m 28 |[39m     [32m"react-toastify"[39m[33m:[39m [32m"^10.0.5"[39m[33m,[39m
4 error  [90m 29 |[39m     [32m"reactflow"[39m[33m:[39m [32m"^11.11.0"[39m[33m,[39m
4 error [31m[1m>[22m[39m[90m 30 |[39m   }[33m,[39m
4 error  [90m    |[39m   [31m[1m^[22m[39m
4 error  [90m 31 |[39m   [32m"devDependencies"[39m[33m:[39m {
4 error  [90m 32 |[39m     [32m"@iconify-json/lucide"[39m[33m:[39m [32m"^1.1.180"[39m[33m,[39m
4 error  [90m 33 |[39m     [32m"@remix-run/dev"[39m[33m:[39m [32m"^2.8.1"[39m[33m,[39m[0m
4 error
4 error     at parseJson (/Users/muri0/stylEase/node_modules/parse-json/index.js:29:21)
4 error     at parse (/Users/muri0/stylEase/node_modules/load-json-file/index.js:15:9)
4 error     at module.exports (/Users/muri0/stylEase/node_modules/load-json-file/index.js:18:47)
